2023-02-18 17:57:50:5750 info: Auth context id: 1353a397-16b2-4055-b3df-6fa5be71afd2
2023-02-18 17:57:50:5750 info: Common contexts: connection.context
2023-02-18 17:57:50:5750 info: HTTP & WS connection.
2023-02-18 17:57:50:5750 info: Server on port: 4000
2023-02-18 17:57:59:5759 info: Testing completed. You can see the report in: http://localhost:4000/api/test_view
2023-02-19 14:52:51:5251 info: Auth context id: fa3227a2-999f-4aad-9556-ca60d77dea62
2023-02-19 14:52:51:5251 info: Common contexts: connection.context
2023-02-19 14:52:51:5251 info: HTTP & WS connection.
2023-02-19 14:52:51:5251 info: Server on port: 4000
2023-02-19 14:53:07:537 info: Testing completed. You can see the report in: http://localhost:4000/api/test_view
2023-02-19 14:54:25:5425 info: Auth context id: 83d53280-3f8a-4d7d-a368-a17af935d8be
2023-02-19 14:56:18:5618 info: Auth context id: f95e6506-efd4-43f6-87e9-e0389e2fdf46
2023-02-19 14:56:18:5618 info: Common contexts: connection.context
2023-02-19 14:56:18:5618 info: HTTP & WS connection.
2023-02-19 14:56:18:5618 info: Server on port: 4000
2023-02-19 14:56:26:5626 info: Testing completed. You can see the report in: http://localhost:4000/api/test_view
2023-02-19 14:58:08:588 info: Auth context id: 8195262a-08a7-4b6c-b0be-0c73ca40b885
2023-02-19 14:58:08:588 info: Common contexts: connection.context
2023-02-19 14:58:08:588 info: HTTP & WS connection.
2023-02-19 14:58:08:588 info: Server on port: 4000
2023-02-19 14:58:18:5818 info: Testing completed. You can see the report in: http://localhost:4000/api/test_view
2023-02-19 14:58:50:5850 info: Auth context id: 606c4cf1-dfdb-4aee-aff5-11ed11728046
2023-02-19 14:58:50:5850 info: Common contexts: connection.context
2023-02-19 14:58:50:5850 info: HTTP & WS connection.
2023-02-19 14:58:50:5850 info: Server on port: 4000
2023-02-19 14:59:00:590 info: Testing completed. You can see the report in: http://localhost:4000/api/test_view
2023-02-19 15:00:58:058 info: Auth context id: 657033f3-c996-42b9-8f7e-9e9cbd8f6b33
2023-02-19 15:00:58:058 info: Common contexts: connection.context
2023-02-19 15:00:58:058 info: HTTP & WS connection.
2023-02-19 15:00:58:058 info: Server on port: 4000
2023-02-19 15:01:07:17 info: Testing completed. You can see the report in: http://localhost:4000/api/test_view
2023-02-19 15:07:24:724 info: Auth context id: ad4970da-5353-4809-bae9-01154495f2ad
2023-02-19 15:07:24:724 info: Common contexts: connection.context
2023-02-19 15:07:24:724 info: HTTP & WS connection.
2023-02-19 15:07:24:724 info: Server on port: 4000
2023-02-19 15:07:43:743 info: Testing completed. You can see the report in: http://localhost:4000/api/test_view
2023-02-19 15:58:22:5822 info: Auth context id: 8270eccd-9ed6-45af-9b08-0afd2069014d
2023-02-19 15:58:22:5822 info: Common contexts: connection.context
2023-02-19 15:58:22:5822 info: HTTP & WS connection.
2023-02-19 15:58:22:5822 info: Server on port: 4000
2023-02-19 15:58:44:5844 info: Testing completed. You can see the report in: http://localhost:4000/api/test_view
2023-02-19 15:59:37:5937 info: Auth context id: d0e98208-8683-451c-a574-2a415ff85126
2023-02-19 15:59:37:5937 info: Common contexts: connection.context
2023-02-19 15:59:37:5937 info: Common contexts: task.context
2023-02-19 15:59:37:5937 info: HTTP & WS connection.
2023-02-19 15:59:37:5937 info: Server on port: 4000
2023-02-19 16:00:00:00 info: Testing completed. You can see the report in: http://localhost:4000/api/test_view
2023-02-19 16:40:54:4054 info: Auth context id: 7763fdf4-01f5-41c0-9cca-8721ba9c1aef
2023-02-19 16:40:54:4054 info: Common contexts: connection.context
2023-02-19 16:40:54:4054 info: Common contexts: task.context
2023-02-19 16:40:54:4054 info: HTTP & WS connection.
2023-02-19 16:40:55:4055 info: Server on port: 4000
2023-02-19 16:41:17:4117 info: Testing completed. You can see the report in: http://localhost:4000/api/test_view
2023-02-19 16:45:43:4543 info: Auth context id: 0d8adee3-55ea-4d4c-a1a1-ca2953838aae
2023-02-19 16:45:43:4543 info: Common contexts: connection.context
2023-02-19 16:45:43:4543 info: Common contexts: task.context
2023-02-19 16:45:43:4543 info: HTTP & WS connection.
2023-02-19 16:45:43:4543 info: Server on port: 4000
2023-02-19 16:46:06:466 info: Auth context id: 9812b2d8-8c6c-4bbd-b08a-0aebb8c2d98c
2023-02-19 16:46:06:466 info: Common contexts: connection.context
2023-02-19 16:46:06:466 info: Common contexts: task.context
2023-02-19 16:46:06:466 info: HTTP & WS connection.
2023-02-19 16:46:06:466 info: Server on port: 4000
2023-02-19 16:46:28:4628 info: Testing completed. You can see the report in: http://localhost:4000/api/test_view
2023-02-19 16:48:44:4844 info: Auth context id: 4aff986e-2137-4554-8cd9-5ffef65de7b2
2023-02-19 16:48:44:4844 info: Common contexts: connection.context
2023-02-19 16:48:44:4844 info: Common contexts: task.context
2023-02-19 16:48:44:4844 info: HTTP & WS connection.
2023-02-19 16:48:44:4844 info: Server on port: 4000
2023-02-19 16:49:09:499 info: Testing completed. You can see the report in: http://localhost:4000/api/test_view
2023-02-19 16:54:50:5450 info: Auth context id: d27404c5-9973-42e1-9035-e639145c0fd9
2023-02-19 16:54:50:5450 info: Common contexts: connection.context
2023-02-19 16:54:50:5450 info: Common contexts: task.context
2023-02-19 16:54:50:5450 info: HTTP & WS connection.
2023-02-19 16:54:50:5450 info: Server on port: 4000
2023-02-19 16:55:13:5513 info: Testing completed. You can see the report in: http://localhost:4000/api/test_view
2023-02-19 17:00:36:036 info: Auth context id: 6762d67d-ba02-4ed0-81bf-090be74964f1
2023-02-19 17:00:36:036 info: Common contexts: connection.context
2023-02-19 17:00:36:036 info: Common contexts: task.context
2023-02-19 17:00:36:036 info: HTTP & WS connection.
2023-02-19 17:00:36:036 info: Server on port: 4000
2023-02-19 17:01:03:13 info: Testing completed. You can see the report in: http://localhost:4000/api/test_view
2023-02-19 17:07:43:743 info: Auth context id: 59912c57-bce4-4b61-b48d-543bfa91d0b1
2023-02-19 17:07:43:743 info: Common contexts: connection.context
2023-02-19 17:07:43:743 info: Common contexts: task.context
2023-02-19 17:07:43:743 info: HTTP & WS connection.
2023-02-19 17:07:43:743 info: Server on port: 4000
2023-02-19 17:08:10:810 info: Testing completed. You can see the report in: http://localhost:4000/api/test_view
2023-02-19 17:09:39:939 info: Auth context id: b31248d9-cf3f-4825-b545-8320ff2f9107
2023-02-19 17:09:39:939 info: Common contexts: connection.context
2023-02-19 17:09:39:939 info: Common contexts: task.context
2023-02-19 17:09:39:939 info: HTTP & WS connection.
2023-02-19 17:09:39:939 info: Server on port: 4000
2023-02-19 17:10:05:105 info: Testing completed. You can see the report in: http://localhost:4000/api/test_view
2023-02-20 18:19:53:1953 info: Auth context id: 30c8676f-5157-45cc-8766-ccc0927bfb6f
2023-02-20 18:19:53:1953 info: Common contexts: connection.context
2023-02-20 18:19:53:1953 info: Common contexts: task.context
2023-02-20 18:19:53:1953 info: HTTP & WS connection.
2023-02-20 18:19:53:1953 info: Server on port: 4000
2023-02-20 18:20:20:2020 info: Testing completed. You can see the report in: http://localhost:4000/api/test_view
2023-02-20 18:25:08:258 info: Auth context id: 1f1dd9bd-5ece-4ca1-ab8f-97c2b4b29165
2023-02-20 18:25:08:258 info: Common contexts: connection.context
2023-02-20 18:25:08:258 info: Common contexts: task.context
2023-02-20 18:25:08:258 info: HTTP & WS connection.
2023-02-20 18:25:08:258 info: Server on port: 4000
2023-02-20 18:25:38:2538 info: Testing completed. You can see the report in: http://localhost:4000/api/test_view
2023-02-20 18:30:19:3019 info: Auth context id: f4b005fa-f6c6-434e-8c97-7f45b0e034c5
2023-02-20 18:30:19:3019 info: Common contexts: connection.context
2023-02-20 18:30:19:3019 info: Common contexts: task.context
2023-02-20 18:30:19:3019 info: HTTP & WS connection.
2023-02-20 18:30:19:3019 info: Server on port: 4000
2023-02-20 18:30:25:3025 info: Auth context id: 5985f424-4bfa-477a-9326-e7e7f271588b
2023-02-20 18:30:25:3025 info: Common contexts: connection.context
2023-02-20 18:30:25:3025 info: Common contexts: task.context
2023-02-20 18:30:25:3025 info: HTTP & WS connection.
2023-02-20 18:30:25:3025 info: Server on port: 4000
2023-02-20 18:30:48:3048 info: Auth context id: bf3eafb5-bd37-433a-b39e-3064db8a11d6
2023-02-20 18:30:48:3048 info: Common contexts: connection.context
2023-02-20 18:30:48:3048 info: Common contexts: task.context
2023-02-20 18:30:48:3048 info: HTTP & WS connection.
2023-02-20 18:30:48:3048 info: Server on port: 4000
2023-02-20 18:31:09:319 info: Auth context id: a41f1043-2400-4508-b126-1acf2824795d
2023-02-20 18:31:09:319 info: Common contexts: connection.context
2023-02-20 18:31:09:319 info: Common contexts: task.context
2023-02-20 18:31:09:319 info: HTTP & WS connection.
2023-02-20 18:31:09:319 info: Server on port: 4000
2023-02-20 18:32:53:3253 info: Auth context id: ad983005-323a-46f4-9b7a-f150c770a328
2023-02-20 18:32:53:3253 info: Common contexts: connection.context
2023-02-20 18:32:53:3253 info: Common contexts: task.context
2023-02-20 18:32:53:3253 info: HTTP & WS connection.
2023-02-20 18:32:53:3253 info: Server on port: 4000
2023-02-20 18:33:27:3327 info: Auth context id: 77c54cea-edc4-460b-95c6-1f6d2fc9d992
2023-02-20 18:33:27:3327 info: Common contexts: connection.context
2023-02-20 18:33:27:3327 info: Common contexts: task.context
2023-02-20 18:33:27:3327 info: HTTP & WS connection.
2023-02-20 18:33:27:3327 info: Server on port: 4000
2023-02-20 18:35:28:3528 info: Auth context id: 245f20d0-b9fb-402e-869f-a4f45b4311f2
2023-02-20 18:35:28:3528 info: Common contexts: connection.context
2023-02-20 18:35:28:3528 info: Common contexts: task.context
2023-02-20 18:35:28:3528 info: HTTP & WS connection.
2023-02-20 18:35:28:3528 info: Server on port: 4000
2023-02-20 18:35:41:3541 info: Auth context id: 3beb3faf-db87-469d-b9b0-3ab0e2246444
2023-02-20 18:35:41:3541 info: Common contexts: connection.context
2023-02-20 18:35:41:3541 info: Common contexts: task.context
2023-02-20 18:35:41:3541 info: HTTP & WS connection.
2023-02-20 18:35:41:3541 info: Server on port: 4000
2023-02-20 18:38:36:3836 info: Auth context id: 8fe5acae-e1f9-4023-8319-a47867c59d9b
2023-02-20 18:38:36:3836 info: Common contexts: connection.context
2023-02-20 18:38:36:3836 info: Common contexts: task.context
2023-02-20 18:38:36:3836 info: HTTP & WS connection.
2023-02-20 18:38:36:3836 info: Server on port: 4000
2023-02-20 18:38:39:3839 info: Auth context id: 33f7fcf9-0dbb-442c-865a-828e70afe20f
2023-02-20 18:38:39:3839 info: Common contexts: connection.context
2023-02-20 18:38:39:3839 info: Common contexts: task.context
2023-02-20 18:38:39:3839 info: HTTP & WS connection.
2023-02-20 18:38:39:3839 info: Server on port: 4000
2023-02-20 18:39:29:3929 info: Auth context id: 320ff579-f3cd-4d6b-9016-223da0bcb29e
2023-02-20 18:39:29:3929 info: Common contexts: connection.context
2023-02-20 18:39:29:3929 info: Common contexts: task.context
2023-02-20 18:39:29:3929 info: HTTP & WS connection.
2023-02-20 18:39:29:3929 info: Server on port: 4000
2023-02-20 18:42:43:4243 info: Auth context id: 78225156-b704-41c9-bdc4-aee2731b0406
2023-02-20 18:42:43:4243 info: Common contexts: connection.context
2023-02-20 18:42:43:4243 info: Common contexts: task.context
2023-02-20 18:42:43:4243 info: HTTP & WS connection.
2023-02-20 18:42:43:4243 info: Server on port: 4000
2023-02-20 18:44:15:4415 info: Auth context id: 9826dd2f-7100-484a-8026-af42dbba67ca
2023-02-20 18:44:16:4416 info: Common contexts: connection.context
2023-02-20 18:44:16:4416 info: Common contexts: task.context
2023-02-20 18:44:16:4416 info: HTTP & WS connection.
2023-02-20 18:44:16:4416 info: Server on port: 4000
2023-02-20 18:45:07:457 info: Auth context id: 42c87313-87a5-41c9-8299-78f6a38b8acd
2023-02-20 18:45:08:458 info: Common contexts: connection.context
2023-02-20 18:45:08:458 info: Common contexts: task.context
2023-02-20 18:45:08:458 info: HTTP & WS connection.
2023-02-20 18:45:08:458 info: Server on port: 4000
2023-02-20 20:22:06:226 info: Auth context id: 835d32b9-b5cc-4d3d-bb01-d5ffea7a7015
2023-02-20 20:22:07:227 info: Common contexts: connection.context
2023-02-20 20:22:07:227 info: Common contexts: task.context
2023-02-20 20:22:07:227 info: HTTP & WS connection.
2023-02-20 20:22:07:227 info: Server on port: 4000
2023-02-20 20:24:03:243 info: Auth context id: 2526e8bb-5e60-4e5c-97f7-ec5ca11a92cd
2023-02-20 20:24:03:243 info: Common contexts: connection.context
2023-02-20 20:24:03:243 info: Common contexts: task.context
2023-02-20 20:24:03:243 info: HTTP & WS connection.
2023-02-20 20:24:03:243 info: Server on port: 4000
2023-02-20 20:24:36:2436 info: Auth context id: fd979a02-597e-4f55-891c-d53b72a359fd
2023-02-20 20:24:36:2436 info: Common contexts: connection.context
2023-02-20 20:24:36:2436 info: Common contexts: task.context
2023-02-20 20:24:36:2436 info: HTTP & WS connection.
2023-02-20 20:24:36:2436 info: Server on port: 4000
2023-02-20 20:24:51:2451 info: Auth context id: b0775695-89cd-4e98-9250-73beb51d8cff
2023-02-20 20:24:51:2451 info: Common contexts: connection.context
2023-02-20 20:24:51:2451 info: Common contexts: task.context
2023-02-20 20:24:51:2451 info: HTTP & WS connection.
2023-02-20 20:24:51:2451 info: Server on port: 4000
2023-02-20 20:27:37:2737 info: Auth context id: 343cba3f-af68-4c25-a6cd-5f43a4f6bb81
2023-02-20 20:27:37:2737 info: Common contexts: connection.context
2023-02-20 20:27:37:2737 info: Common contexts: task.context
2023-02-20 20:27:37:2737 info: HTTP & WS connection.
2023-02-20 20:27:37:2737 info: Server on port: 4000
2023-02-20 20:28:28:2828 info: Auth context id: 68110d08-b5a0-4d83-aa60-a41765719c2f
2023-02-20 20:28:28:2828 info: Common contexts: connection.context
2023-02-20 20:28:28:2828 info: Common contexts: task.context
2023-02-20 20:28:28:2828 info: HTTP & WS connection.
2023-02-20 20:28:28:2828 info: Server on port: 4000
2023-02-20 20:28:58:2858 info: Auth context id: 33f94a07-84b9-489f-b94f-a30dc1e4bcd9
2023-02-20 20:28:58:2858 info: Common contexts: connection.context
2023-02-20 20:28:58:2858 info: Common contexts: task.context
2023-02-20 20:28:58:2858 info: HTTP & WS connection.
2023-02-20 20:28:58:2858 info: Server on port: 4000
2023-02-20 20:29:11:2911 info: Auth context id: 1c3823ec-5d20-4f33-9a85-8e2a841bb9f8
2023-02-20 20:29:11:2911 info: Common contexts: connection.context
2023-02-20 20:29:11:2911 info: Common contexts: task.context
2023-02-20 20:29:11:2911 info: HTTP & WS connection.
2023-02-20 20:29:11:2911 info: Server on port: 4000
2023-02-20 20:33:30:3330 info: Auth context id: 9fa322af-5186-4b9a-8a65-52b3162f845e
2023-02-20 20:33:30:3330 info: Common contexts: connection.context
2023-02-20 20:33:30:3330 info: Common contexts: task.context
2023-02-20 20:33:30:3330 info: HTTP & WS connection.
2023-02-20 20:33:30:3330 info: Server on port: 4000
2023-02-20 20:34:36:3436 info: Auth context id: c6c5265e-fee8-4a46-b36d-b029c6034999
2023-02-20 20:34:36:3436 info: Common contexts: connection.context
2023-02-20 20:34:36:3436 info: Common contexts: task.context
2023-02-20 20:34:36:3436 info: HTTP & WS connection.
2023-02-20 20:34:36:3436 info: Server on port: 4000
2023-02-20 20:34:49:3449 error: Error
2023-02-20 20:36:42:3642 info: Auth context id: 69bd98f0-52a1-476a-accf-5ccc34014d56
2023-02-20 20:36:42:3642 info: Common contexts: connection.context
2023-02-20 20:36:42:3642 info: Common contexts: task.context
2023-02-20 20:36:42:3642 info: HTTP & WS connection.
2023-02-20 20:36:42:3642 info: Server on port: 4000
2023-02-20 20:37:02:372 info: Auth context id: bbdcd148-9f46-45d8-9d79-2817dcd72289
2023-02-20 20:37:02:372 info: Common contexts: connection.context
2023-02-20 20:37:02:372 info: Common contexts: task.context
2023-02-20 20:37:02:372 info: HTTP & WS connection.
2023-02-20 20:37:02:372 info: Server on port: 4000
2023-02-20 20:37:57:3757 info: Auth context id: 3a5ac006-bc3f-4ddf-8df8-a1ef161f7702
2023-02-20 20:37:57:3757 info: Common contexts: connection.context
2023-02-20 20:37:57:3757 info: Common contexts: task.context
2023-02-20 20:37:57:3757 info: HTTP & WS connection.
2023-02-20 20:37:57:3757 info: Server on port: 4000
2023-02-20 20:38:59:3859 info: Auth context id: 8c812b51-08ec-4a1b-80a2-b3df7c8d272d
2023-02-20 20:38:59:3859 info: Common contexts: connection.context
2023-02-20 20:38:59:3859 info: Common contexts: task.context
2023-02-20 20:38:59:3859 info: HTTP & WS connection.
2023-02-20 20:38:59:3859 info: Server on port: 4000
2023-02-20 20:39:03:393 info: Auth context id: 0d75b690-8813-4582-ba03-2492da59556f
2023-02-20 20:39:03:393 info: Common contexts: connection.context
2023-02-20 20:39:03:393 info: Common contexts: task.context
2023-02-20 20:39:03:393 info: HTTP & WS connection.
2023-02-20 20:39:03:393 info: Server on port: 4000
2023-02-20 20:39:14:3914 info: Auth context id: 210ae6ca-81af-4375-9d81-d08c86f56352
2023-02-20 20:39:14:3914 info: Common contexts: connection.context
2023-02-20 20:39:14:3914 info: Common contexts: task.context
2023-02-20 20:39:14:3914 info: HTTP & WS connection.
2023-02-20 20:39:14:3914 info: Server on port: 4000
2023-02-20 20:39:17:3917 info: Auth context id: 8b2f410e-4c9f-4770-b662-96b400123bf5
2023-02-20 20:39:17:3917 info: Common contexts: connection.context
2023-02-20 20:39:17:3917 info: Common contexts: task.context
2023-02-20 20:39:17:3917 info: HTTP & WS connection.
2023-02-20 20:39:17:3917 info: Server on port: 4000
2023-02-21 18:00:41:041 info: Auth context id: 54931aa1-6fc8-49df-b7f8-d0ee27df2aa6
2023-02-21 18:00:41:041 info: Common contexts: connection.context
2023-02-21 18:00:41:041 info: Common contexts: task.context
2023-02-21 18:00:41:041 info: HTTP & WS connection.
2023-02-21 18:00:41:041 info: Server on port: 4000
2023-02-22 06:54:02:542 info: Auth context id: ea1a5841-33cc-4f3e-8c1a-2fe04973d0bc
2023-02-22 06:54:02:542 info: Common contexts: connection.context
2023-02-22 06:54:02:542 info: Common contexts: task.context
2023-02-22 06:54:02:542 info: HTTP & WS connection.
2023-02-22 06:54:02:542 info: Server on port: 4000
2023-02-22 06:55:06:556 info: Auth context id: 1f859aa6-2951-4f37-929c-317185ff3768
2023-02-22 06:55:06:556 info: Common contexts: connection.context
2023-02-22 06:55:06:556 info: Common contexts: task.context
2023-02-22 06:55:06:556 info: HTTP & WS connection.
2023-02-22 06:55:06:556 info: Server on port: 4000
2023-02-22 06:55:27:5527 info: Auth context id: 95d469bd-1bc5-4f26-b714-a9e5c88b8ce5
2023-02-22 06:55:27:5527 info: Common contexts: connection.context
2023-02-22 06:55:27:5527 info: Common contexts: task.context
2023-02-22 06:55:27:5527 info: HTTP & WS connection.
2023-02-22 06:55:27:5527 info: Server on port: 4000
2023-02-22 06:56:09:569 info: Auth context id: 3e84351d-aedb-4616-a883-d8b5855d52b1
2023-02-22 06:56:09:569 info: Common contexts: connection.context
2023-02-22 06:56:09:569 info: Common contexts: task.context
2023-02-22 06:56:09:569 info: HTTP & WS connection.
2023-02-22 06:56:09:569 info: Server on port: 4000
2023-02-22 06:59:44:5944 info: Auth context id: 9b1c9137-7061-407c-b458-16ed370e77e4
2023-02-22 06:59:44:5944 info: Common contexts: connection.context
2023-02-22 06:59:44:5944 info: Common contexts: task.context
2023-02-22 06:59:44:5944 info: HTTP & WS connection.
2023-02-22 06:59:44:5944 info: Server on port: 4000
2023-02-22 06:59:53:5953 info: Auth context id: f8a88c1c-7fe3-4d7b-a2ee-80de8f1bb6ef
2023-02-22 06:59:53:5953 info: Common contexts: connection.context
2023-02-22 06:59:53:5953 info: Common contexts: task.context
2023-02-22 06:59:53:5953 info: HTTP & WS connection.
2023-02-22 06:59:53:5953 info: Server on port: 4000
2023-02-22 07:00:01:01 info: Auth context id: 34cc5675-220d-41c4-b1a8-77aeec5422fc
2023-02-22 07:00:01:01 info: Common contexts: connection.context
2023-02-22 07:00:01:01 info: Common contexts: task.context
2023-02-22 07:00:01:01 info: HTTP & WS connection.
2023-02-22 07:00:01:01 info: Server on port: 4000
2023-02-22 07:00:09:09 info: Auth context id: abfeadc9-1f60-4e96-a365-c579fc6ddc47
2023-02-22 07:00:09:09 info: Common contexts: connection.context
2023-02-22 07:00:09:09 info: Common contexts: task.context
2023-02-22 07:00:09:09 info: HTTP & WS connection.
2023-02-22 07:00:09:09 info: Server on port: 4000
2023-02-22 17:46:22:4622 info: Auth context id: d421d8d8-7843-4820-a2f8-5bd3e8844024
2023-02-22 17:46:22:4622 info: Common contexts: connection.context
2023-02-22 17:46:22:4622 info: Common contexts: task.context
2023-02-22 17:46:22:4622 info: HTTP & WS connection.
2023-02-22 17:46:22:4622 info: Server on port: 4000
2023-02-22 18:38:06:386 error: jwt expired
2023-02-22 18:53:19:5319 error: Error
2023-02-22 18:53:19:5319 error: Error
2023-02-22 18:54:03:543 error: Error
2023-02-22 18:54:03:543 error: Error
2023-02-22 18:54:55:5455 error: Error
2023-02-22 18:54:55:5455 error: Error
2023-02-22 18:55:27:5527 error: Error
2023-02-22 18:55:29:5529 error: Error
2023-02-22 18:55:38:5538 error: Error
2023-02-22 18:55:38:5538 error: Error
2023-02-22 19:01:41:141 info: Auth context id: 7162c7f4-a984-4a7e-8a74-4c0e90d73819
2023-02-22 19:01:41:141 info: Common contexts: connection.context
2023-02-22 19:01:41:141 info: Common contexts: task.context
2023-02-22 19:01:41:141 info: HTTP & WS connection.
2023-02-22 19:01:41:141 info: Server on port: 4000
2023-02-22 19:27:27:2727 info: Auth context id: b92097ce-d4f6-42a0-804d-289c00c6031e
2023-02-22 19:27:27:2727 info: Common contexts: connection.context
2023-02-22 19:27:27:2727 info: Common contexts: task.context
2023-02-22 19:27:27:2727 info: HTTP & WS connection.
2023-02-22 19:27:27:2727 info: Server on port: 4000
2023-02-22 19:27:36:2736 error: Error
2023-02-22 19:27:36:2736 error: Error
2023-02-22 19:36:05:365 info: Auth context id: 598d3ca9-b175-406d-b8f0-45b48f0e62f6
2023-02-22 19:36:05:365 info: Common contexts: connection.context
2023-02-22 19:36:05:365 info: Common contexts: task.context
2023-02-22 19:36:05:365 info: HTTP & WS connection.
2023-02-22 19:36:05:365 info: Server on port: 4000
2023-02-22 19:37:22:3722 info: Auth context id: ab3a0ef8-6ccf-4a15-8071-229b66a3b249
2023-02-22 19:37:22:3722 info: Common contexts: connection.context
2023-02-22 19:37:22:3722 info: Common contexts: task.context
2023-02-22 19:37:22:3722 info: HTTP & WS connection.
2023-02-22 19:37:22:3722 info: Server on port: 4000
2023-02-22 19:37:31:3731 info: Auth context id: 9156a334-779a-4438-956a-f718c92b46d3
2023-02-22 19:37:31:3731 info: Common contexts: connection.context
2023-02-22 19:37:31:3731 info: Common contexts: task.context
2023-02-22 19:37:31:3731 info: HTTP & WS connection.
2023-02-22 19:37:31:3731 info: Server on port: 4000
2023-02-22 19:37:58:3758 info: Auth context id: 27423a87-2ae0-4287-978c-3a414d65d2e1
2023-02-22 19:37:58:3758 info: Common contexts: connection.context
2023-02-22 19:37:58:3758 info: Common contexts: task.context
2023-02-22 19:37:58:3758 info: HTTP & WS connection.
2023-02-22 19:37:58:3758 info: Server on port: 4000
2023-02-22 19:38:27:3827 info: Auth context id: 79af7d6f-4e73-4a10-9480-2f332580e0e1
2023-02-22 19:38:27:3827 info: Common contexts: connection.context
2023-02-22 19:38:27:3827 info: Common contexts: task.context
2023-02-22 19:38:27:3827 info: HTTP & WS connection.
2023-02-22 19:38:27:3827 info: Server on port: 4000
2023-02-22 19:38:47:3847 info: Auth context id: 1f660024-b33e-449a-8eec-79df447170c2
2023-02-22 19:38:47:3847 info: Common contexts: connection.context
2023-02-22 19:38:47:3847 info: Common contexts: task.context
2023-02-22 19:38:47:3847 info: HTTP & WS connection.
2023-02-22 19:38:47:3847 info: Server on port: 4000
2023-02-22 19:39:01:391 error: Error
2023-02-22 19:39:01:391 error: Error
2023-02-22 19:40:09:409 info: Auth context id: 96a26760-a983-4e48-90d6-861cc0644c78
2023-02-22 19:40:09:409 info: Common contexts: connection.context
2023-02-22 19:40:09:409 info: Common contexts: task.context
2023-02-22 19:40:09:409 info: HTTP & WS connection.
2023-02-22 19:40:09:409 info: Server on port: 4000
2023-02-22 19:40:10:4010 info: Auth context id: eb6e4b20-1b92-4f08-88af-752198e5c46a
2023-02-22 19:40:10:4010 info: Common contexts: connection.context
2023-02-22 19:40:10:4010 info: Common contexts: task.context
2023-02-22 19:40:10:4010 info: HTTP & WS connection.
2023-02-22 19:40:10:4010 info: Server on port: 4000
2023-02-22 19:40:17:4017 error: Error
2023-02-22 19:40:17:4017 error: Error
2023-02-22 19:42:28:4228 info: Auth context id: 4b69044d-f4dc-4dec-b1d6-bc4e3415f786
2023-02-22 19:42:28:4228 info: Common contexts: connection.context
2023-02-22 19:42:28:4228 info: Common contexts: task.context
2023-02-22 19:42:28:4228 info: HTTP & WS connection.
2023-02-22 19:42:28:4228 info: Server on port: 4000
2023-02-22 19:42:33:4233 error: Error
2023-02-22 19:42:33:4233 error: Error
2023-02-22 20:24:31:2431 info: Auth context id: 355e37d0-2c52-4a28-8d6f-483ea49b7df4
2023-02-22 20:24:31:2431 info: Common contexts: connection.context
2023-02-22 20:24:31:2431 info: Common contexts: task.context
2023-02-22 20:24:31:2431 info: HTTP & WS connection.
2023-02-22 20:24:31:2431 info: Server on port: 4000
2023-02-22 20:28:28:2828 info: Auth context id: 4784982a-9744-4c62-bec7-7d6ffd624b3e
2023-02-22 20:28:28:2828 info: Common contexts: connection.context
2023-02-22 20:28:28:2828 info: Common contexts: task.context
2023-02-22 20:28:28:2828 info: HTTP & WS connection.
2023-02-22 20:28:28:2828 info: Server on port: 4000
2023-02-22 20:28:41:2841 info: Auth context id: 5861f788-7043-41ed-a065-bbeb678f2e37
2023-02-22 20:28:41:2841 info: Common contexts: connection.context
2023-02-22 20:28:41:2841 info: Common contexts: task.context
2023-02-22 20:28:41:2841 info: HTTP & WS connection.
2023-02-22 20:28:41:2841 info: Server on port: 4000
2023-02-22 20:31:38:3138 info: Auth context id: fd1967f9-8f7c-4fed-8c1d-e857d78c9167
2023-02-22 20:31:38:3138 info: Common contexts: connection.context
2023-02-22 20:31:38:3138 info: Common contexts: task.context
2023-02-22 20:31:38:3138 info: HTTP & WS connection.
2023-02-22 20:31:38:3138 info: Server on port: 4000
2023-02-22 20:31:45:3145 info: Auth context id: 73f5fca4-44af-44d6-8434-9b0c3d6655ef
2023-02-22 20:31:45:3145 info: Common contexts: connection.context
2023-02-22 20:31:45:3145 info: Common contexts: task.context
2023-02-22 20:31:45:3145 info: HTTP & WS connection.
2023-02-22 20:31:45:3145 info: Server on port: 4000
2023-02-22 20:31:53:3153 error: Error
2023-02-22 20:31:53:3153 error: Error
2023-02-22 20:33:24:3324 info: Auth context id: 782ba005-bfd4-4670-ad2a-089ae3aa01d8
2023-02-22 20:33:24:3324 info: Common contexts: connection.context
2023-02-22 20:33:24:3324 info: Common contexts: task.context
2023-02-22 20:33:24:3324 info: HTTP & WS connection.
2023-02-22 20:33:24:3324 info: Server on port: 4000
2023-02-22 20:33:30:3330 error: Error
2023-02-22 20:33:30:3330 error: Error
2023-02-22 20:34:51:3451 info: Auth context id: 786b9d45-fdcb-4919-81cc-8fc85dfaa30b
2023-02-22 20:34:51:3451 info: Common contexts: connection.context
2023-02-22 20:34:51:3451 info: Common contexts: task.context
2023-02-22 20:34:51:3451 info: HTTP & WS connection.
2023-02-22 20:34:51:3451 info: Server on port: 4000
2023-02-22 20:34:57:3457 error: Error
2023-02-22 20:35:27:3527 info: Auth context id: df81cb87-af41-4dc4-9acc-d28d57332ab7
2023-02-22 20:35:27:3527 info: Common contexts: connection.context
2023-02-22 20:35:27:3527 info: Common contexts: task.context
2023-02-22 20:35:27:3527 info: HTTP & WS connection.
2023-02-22 20:35:27:3527 info: Server on port: 4000
2023-02-22 20:35:48:3548 info: Auth context id: a00f2cb0-7aef-4985-9143-dd1e43d29019
2023-02-22 20:35:48:3548 info: Common contexts: connection.context
2023-02-22 20:35:48:3548 info: Common contexts: task.context
2023-02-22 20:35:48:3548 info: HTTP & WS connection.
2023-02-22 20:35:48:3548 info: Server on port: 4000
2023-02-22 20:36:00:360 info: Auth context id: a8972b48-c853-42db-a2ef-bbac329321c8
2023-02-22 20:36:00:360 info: Common contexts: connection.context
2023-02-22 20:36:00:360 info: Common contexts: task.context
2023-02-22 20:36:00:360 info: HTTP & WS connection.
2023-02-22 20:36:00:360 info: Server on port: 4000
2023-02-22 20:36:22:3622 info: Auth context id: 109dcb6b-66e6-42bf-b3e4-10d210129c9a
2023-02-22 20:36:22:3622 info: Common contexts: connection.context
2023-02-22 20:36:22:3622 info: Common contexts: task.context
2023-02-22 20:36:22:3622 info: HTTP & WS connection.
2023-02-22 20:36:22:3622 info: Server on port: 4000
2023-02-22 20:36:48:3648 info: Auth context id: c92f3922-2e9f-47df-8f56-d9eb0c8511fd
2023-02-22 20:36:48:3648 info: Common contexts: connection.context
2023-02-22 20:36:48:3648 info: Common contexts: task.context
2023-02-22 20:36:48:3648 info: HTTP & WS connection.
2023-02-22 20:36:48:3648 info: Server on port: 4000
2023-02-22 20:37:45:3745 info: Auth context id: ae6353a9-4425-4a7b-8262-3de1bf6cbd7b
2023-02-22 20:37:45:3745 info: Common contexts: connection.context
2023-02-22 20:37:45:3745 info: Common contexts: task.context
2023-02-22 20:37:45:3745 info: HTTP & WS connection.
2023-02-22 20:37:45:3745 info: Server on port: 4000
2023-02-22 20:37:53:3753 info: Auth context id: b4b6c149-a6dd-4984-848e-b703b3f5dd8f
2023-02-22 20:37:53:3753 info: Common contexts: connection.context
2023-02-22 20:37:53:3753 info: Common contexts: task.context
2023-02-22 20:37:53:3753 info: HTTP & WS connection.
2023-02-22 20:37:53:3753 info: Server on port: 4000
2023-02-22 20:38:14:3814 error: Error
2023-02-22 20:38:14:3814 error: Error
2023-02-22 20:38:58:3858 error: Error
2023-02-22 20:38:58:3858 error: Error
2023-02-22 21:19:46:1946 info: Auth context id: 6fd30441-80d4-4514-b81c-1cb95bfba7d9
2023-02-22 21:19:46:1946 info: Common contexts: connection.context
2023-02-22 21:19:46:1946 info: Common contexts: task.context
2023-02-22 21:19:46:1946 info: HTTP & WS connection.
2023-02-22 21:19:46:1946 info: Server on port: 4000
2023-02-22 21:19:59:1959 error: Error
2023-02-22 21:20:08:208 error: Error
2023-02-22 21:21:26:2126 info: Auth context id: 0d88374e-f312-42a3-af45-9ff857ff120a
2023-02-22 21:21:26:2126 info: Common contexts: connection.context
2023-02-22 21:21:26:2126 info: Common contexts: task.context
2023-02-22 21:21:26:2126 info: HTTP & WS connection.
2023-02-22 21:21:26:2126 info: Server on port: 4000
2023-02-22 21:21:54:2154 info: Auth context id: 152fdd01-319f-4a37-bbba-5c638e00c8d1
2023-02-22 21:21:54:2154 info: Common contexts: connection.context
2023-02-22 21:21:54:2154 info: Common contexts: task.context
2023-02-22 21:21:54:2154 info: HTTP & WS connection.
2023-02-22 21:21:54:2154 info: Server on port: 4000
2023-02-22 21:23:56:2356 info: Auth context id: 9c959647-f33b-40c5-8a08-14696594ba2a
2023-02-22 21:23:56:2356 info: Common contexts: connection.context
2023-02-22 21:23:56:2356 info: Common contexts: task.context
2023-02-22 21:23:56:2356 info: HTTP & WS connection.
2023-02-22 21:23:56:2356 info: Server on port: 4000
2023-02-22 21:24:35:2435 info: Testing completed. You can see the report in: http://localhost:4000/api/test_view
2023-02-22 21:33:07:337 info: Auth context id: 92a8545a-1cb3-45e5-88ac-f1b87110fa31
2023-02-22 21:33:07:337 info: Common contexts: connection.context
2023-02-22 21:33:07:337 info: Common contexts: task.context
2023-02-22 21:33:07:337 info: HTTP & WS connection.
2023-02-22 21:33:07:337 info: Server on port: 4000
2023-02-22 21:33:28:3328 info: Testing completed. You can see the report in: http://localhost:4000/api/test_view
2023-02-22 21:34:53:3453 info: Auth context id: 0916ee45-8149-4155-8300-8789c169880a
2023-02-22 21:34:53:3453 info: Common contexts: connection.context
2023-02-22 21:34:53:3453 info: Common contexts: task.context
2023-02-22 21:34:53:3453 info: HTTP & WS connection.
2023-02-22 21:34:53:3453 info: Server on port: 4000
2023-02-22 21:35:16:3516 info: Testing completed. You can see the report in: http://localhost:4000/api/test_view
2023-02-22 21:36:32:3632 info: Auth context id: edc7dc34-211c-45d3-a2bd-ddad45dc3188
2023-02-22 21:36:32:3632 info: Common contexts: connection.context
2023-02-22 21:36:32:3632 info: Common contexts: task.context
2023-02-22 21:36:32:3632 info: HTTP & WS connection.
2023-02-22 21:36:32:3632 info: Server on port: 4000
2023-02-22 21:36:34:3634 info: Testing completed. You can see the report in: http://localhost:4000/api/test_view
2023-02-22 21:36:41:3641 info: Auth context id: b89902c3-92c8-4c81-b7b2-3caf7317909f
2023-02-22 21:36:41:3641 info: Common contexts: connection.context
2023-02-22 21:36:41:3641 info: Common contexts: task.context
2023-02-22 21:36:41:3641 info: HTTP & WS connection.
2023-02-22 21:36:41:3641 info: Server on port: 4000
2023-02-22 21:36:43:3643 info: Testing completed. You can see the report in: http://localhost:4000/api/test_view
2023-02-22 21:50:54:5054 info: Auth context id: d8659e29-c0c5-4aea-9a52-1f8122664264
2023-02-22 21:50:54:5054 info: Common contexts: connection.context
2023-02-22 21:50:54:5054 info: Common contexts: task.context
2023-02-22 21:50:54:5054 info: HTTP & WS connection.
2023-02-22 21:50:54:5054 info: Server on port: 4000
2023-02-22 21:50:56:5056 info: Testing completed. You can see the report in: http://localhost:4000/api/test_view
2023-02-22 21:51:26:5126 info: Auth context id: b8245ed4-eda6-4c76-866d-3d2632a2370e
2023-02-22 21:51:26:5126 info: Common contexts: connection.context
2023-02-22 21:51:26:5126 info: Common contexts: task.context
2023-02-22 21:51:26:5126 info: HTTP & WS connection.
2023-02-22 21:51:26:5126 info: Server on port: 4000
2023-02-22 21:51:28:5128 info: Testing completed. You can see the report in: http://localhost:4000/api/test_view
2023-02-22 21:51:31:5131 info: Auth context id: ba98d725-c33f-4827-b2b9-2f412e444d7f
2023-02-22 21:51:31:5131 info: Common contexts: connection.context
2023-02-22 21:51:31:5131 info: Common contexts: task.context
2023-02-22 21:51:31:5131 info: HTTP & WS connection.
2023-02-22 21:51:31:5131 info: Server on port: 4000
2023-02-22 21:51:33:5133 info: Testing completed. You can see the report in: http://localhost:4000/api/test_view
2023-02-22 21:51:34:5134 error: data is not iterable
2023-02-22 21:51:58:5158 info: Auth context id: d4a22e98-4f67-41b0-aef8-e2ea99c85777
2023-02-22 21:51:58:5158 info: Common contexts: connection.context
2023-02-22 21:51:58:5158 info: Common contexts: task.context
2023-02-22 21:51:58:5158 info: HTTP & WS connection.
2023-02-22 21:51:58:5158 info: Server on port: 4000
2023-02-22 21:52:00:520 info: Testing completed. You can see the report in: http://localhost:4000/api/test_view
2023-02-22 21:52:01:521 error: data is not iterable
2023-02-22 21:52:23:5223 info: Auth context id: 6f89a02b-48f4-4933-b0e7-efc713816557
2023-02-22 21:52:23:5223 info: Common contexts: connection.context
2023-02-22 21:52:23:5223 info: Common contexts: task.context
2023-02-22 21:52:23:5223 info: HTTP & WS connection.
2023-02-22 21:52:23:5223 info: Server on port: 4000
2023-02-22 21:52:25:5225 info: Testing completed. You can see the report in: http://localhost:4000/api/test_view
2023-02-22 21:52:29:5229 info: Auth context id: e2ba275f-9566-4818-a850-660ec68dd15f
2023-02-22 21:52:29:5229 info: Common contexts: connection.context
2023-02-22 21:52:29:5229 info: Common contexts: task.context
2023-02-22 21:52:29:5229 info: HTTP & WS connection.
2023-02-22 21:52:29:5229 info: Server on port: 4000
2023-02-22 21:52:31:5231 info: Testing completed. You can see the report in: http://localhost:4000/api/test_view
2023-02-22 21:53:23:5323 info: Auth context id: 41e359e4-100c-45b3-8fa5-3432c4eade19
2023-02-22 21:53:23:5323 info: Common contexts: connection.context
2023-02-22 21:53:23:5323 info: Common contexts: task.context
2023-02-22 21:53:23:5323 info: HTTP & WS connection.
2023-02-22 21:53:23:5323 info: Server on port: 4000
2023-02-22 21:53:25:5325 info: Testing completed. You can see the report in: http://localhost:4000/api/test_view
2023-02-22 21:54:29:5429 info: Auth context id: d890d06e-ba6c-4d4a-9fff-8191a751c558
2023-02-22 21:54:29:5429 info: Common contexts: connection.context
2023-02-22 21:54:29:5429 info: Common contexts: task.context
2023-02-22 21:54:29:5429 info: HTTP & WS connection.
2023-02-22 21:54:29:5429 info: Server on port: 4000
2023-02-22 21:54:33:5433 info: Auth context id: 0f6a468d-fa10-48cb-81af-6e74682ecfe5
2023-02-22 21:54:33:5433 info: Common contexts: connection.context
2023-02-22 21:54:33:5433 info: Common contexts: task.context
2023-02-22 21:54:33:5433 info: HTTP & WS connection.
2023-02-22 21:54:33:5433 info: Server on port: 4000
2023-02-22 21:54:35:5435 info: Testing completed. You can see the report in: http://localhost:4000/api/test_view
2023-02-22 21:54:56:5456 error: Error
2023-02-22 21:54:56:5456 error: Error
2023-02-22 21:55:05:555 error: Error
2023-02-22 21:55:05:555 error: Error
2023-02-22 21:55:50:5550 info: Auth context id: a801bec7-ac95-4344-8d39-1b1fbbf37bc5
2023-02-22 21:55:50:5550 info: Common contexts: connection.context
2023-02-22 21:55:50:5550 info: Common contexts: task.context
2023-02-22 21:55:50:5550 info: HTTP & WS connection.
2023-02-22 21:55:50:5550 info: Server on port: 4000
2023-02-22 21:55:52:5552 info: Testing completed. You can see the report in: http://localhost:4000/api/test_view
2023-02-22 21:55:58:5558 info: Auth context id: de67e583-77a3-4390-9bdf-2157886a30a3
2023-02-22 21:55:58:5558 info: Common contexts: connection.context
2023-02-22 21:55:58:5558 info: Common contexts: task.context
2023-02-22 21:55:58:5558 info: HTTP & WS connection.
2023-02-22 21:55:58:5558 info: Server on port: 4000
2023-02-22 21:56:00:560 info: Testing completed. You can see the report in: http://localhost:4000/api/test_view
2023-02-22 21:56:09:569 info: Auth context id: fdc60f2d-bdd9-4b0c-beb6-d4d90b7602a8
2023-02-22 21:56:09:569 info: Common contexts: connection.context
2023-02-22 21:56:09:569 info: Common contexts: task.context
2023-02-22 21:56:09:569 info: HTTP & WS connection.
2023-02-22 21:56:09:569 info: Server on port: 4000
2023-02-22 21:56:11:5611 info: Testing completed. You can see the report in: http://localhost:4000/api/test_view
2023-02-22 21:56:20:5620 error: Error
2023-02-22 21:56:20:5620 error: Error
2023-02-22 21:57:36:5736 error: Error
2023-02-22 21:57:36:5736 error: Error
2023-02-22 21:57:55:5755 error: Error
2023-02-22 21:57:55:5755 error: Error
2023-02-22 21:58:39:5839 error: Error
2023-02-22 21:58:39:5839 error: Error
2023-02-22 22:52:37:5237 info: Auth context id: 395f947a-de1e-4201-b739-21b4eaccd09e
2023-02-22 22:52:37:5237 info: Common contexts: connection.context
2023-02-22 22:52:37:5237 info: Common contexts: task.context
2023-02-22 22:52:37:5237 info: HTTP & WS connection.
2023-02-22 22:52:37:5237 info: Server on port: 4000
2023-02-22 22:52:40:5240 info: Testing completed. You can see the report in: http://localhost:4000/api/test_view
2023-02-22 22:58:17:5817 info: Auth context id: c94a5211-c604-453c-a46d-1c0e9e4cbc3f
2023-02-22 22:58:17:5817 info: Common contexts: connection.context
2023-02-22 22:58:17:5817 info: Common contexts: task.context
2023-02-22 22:58:17:5817 info: HTTP & WS connection.
2023-02-22 22:58:17:5817 info: Server on port: 4000
2023-02-22 22:58:19:5819 info: Testing completed. You can see the report in: http://localhost:4000/api/test_view
2023-02-22 22:58:53:5853 info: Auth context id: 6ca1393e-e659-485f-b4d9-617c79122186
2023-02-22 22:58:53:5853 info: Common contexts: connection.context
2023-02-22 22:58:53:5853 info: Common contexts: task.context
2023-02-22 22:58:53:5853 info: HTTP & WS connection.
2023-02-22 22:58:53:5853 info: Server on port: 4000
2023-02-22 22:58:55:5855 info: Testing completed. You can see the report in: http://localhost:4000/api/test_view
2023-02-22 23:05:02:52 info: Auth context id: 1ae210c3-2e5c-4e98-b029-954d7f1b69e5
2023-02-22 23:05:02:52 info: Common contexts: connection.context
2023-02-22 23:05:02:52 info: Common contexts: task.context
2023-02-22 23:05:02:52 info: HTTP & WS connection.
2023-02-22 23:05:02:52 info: Server on port: 4000
2023-02-22 23:05:04:54 info: Testing completed. You can see the report in: http://localhost:4000/api/test_view
2023-02-22 23:27:34:2734 info: Auth context id: ab57c516-757b-471d-99cb-2c665ab7fbf0
2023-02-22 23:27:34:2734 info: Common contexts: connection.context
2023-02-22 23:27:34:2734 info: Common contexts: task.context
2023-02-22 23:27:34:2734 info: HTTP & WS connection.
2023-02-22 23:27:34:2734 info: Server on port: 4000
2023-02-22 23:27:37:2737 info: Testing completed. You can see the report in: http://localhost:4000/api/test_view
2023-02-22 23:32:21:3221 info: Auth context id: 2c132fce-3b96-4a45-b460-f137ea235724
2023-02-22 23:32:21:3221 info: Common contexts: connection.context
2023-02-22 23:32:21:3221 info: Common contexts: task.context
2023-02-22 23:32:21:3221 info: HTTP & WS connection.
2023-02-22 23:32:21:3221 info: Server on port: 4000
2023-02-22 23:32:23:3223 info: Testing completed. You can see the report in: http://localhost:4000/api/test_view
2023-02-22 23:33:34:3334 info: Auth context id: 6a43d6f9-c396-48a8-b230-bf18f882f9c9
2023-02-22 23:33:34:3334 info: Common contexts: connection.context
2023-02-22 23:33:34:3334 info: Common contexts: task.context
2023-02-22 23:33:34:3334 info: HTTP & WS connection.
2023-02-22 23:33:34:3334 info: Server on port: 4000
2023-02-22 23:33:36:3336 info: Testing completed. You can see the report in: http://localhost:4000/api/test_view
2023-02-22 23:34:24:3424 error: Error
2023-02-22 23:34:24:3424 error: Error
2023-02-22 23:34:36:3436 error: Error
2023-02-22 23:34:38:3438 error: Error
2023-02-22 23:34:38:3438 error: Error
2023-02-22 23:51:05:515 info: Auth context id: b52005b2-8339-495a-979a-dc650498aa9b
2023-02-22 23:51:05:515 info: Common contexts: connection.context
2023-02-22 23:51:05:515 info: Common contexts: task.context
2023-02-22 23:51:05:515 info: HTTP & WS connection.
2023-02-22 23:51:05:515 info: Server on port: 4000
2023-02-22 23:51:08:518 info: Testing completed. You can see the report in: http://localhost:4000/api/test_view
2023-02-22 23:53:35:5335 info: Auth context id: 31ccfdc4-9a98-4bbe-b541-d642b9862c8f
2023-02-22 23:53:35:5335 info: Common contexts: connection.context
2023-02-22 23:53:35:5335 info: Common contexts: task.context
2023-02-22 23:53:35:5335 info: HTTP & WS connection.
2023-02-22 23:53:35:5335 info: Server on port: 4000
2023-02-22 23:53:37:5337 info: Testing completed. You can see the report in: http://localhost:4000/api/test_view
2023-02-22 23:54:52:5452 info: Auth context id: 40157564-d465-4d8a-a8d9-bab39b24cc79
2023-02-22 23:54:52:5452 info: Common contexts: connection.context
2023-02-22 23:54:52:5452 info: Common contexts: task.context
2023-02-22 23:54:52:5452 info: HTTP & WS connection.
2023-02-22 23:54:52:5452 info: Server on port: 4000
2023-02-22 23:54:54:5454 info: Testing completed. You can see the report in: http://localhost:4000/api/test_view
2023-02-22 23:57:32:5732 info: Auth context id: bfc4fd07-2596-4299-a84b-99a8108b3543
2023-02-22 23:57:32:5732 info: Common contexts: connection.context
2023-02-22 23:57:32:5732 info: Common contexts: task.context
2023-02-22 23:57:32:5732 info: HTTP & WS connection.
2023-02-22 23:57:32:5732 info: Server on port: 4000
2023-02-22 23:57:34:5734 info: Testing completed. You can see the report in: http://localhost:4000/api/test_view
2023-02-22 23:58:55:5855 info: Auth context id: 819f9a0b-4952-436d-9c77-a798fe5838c2
2023-02-22 23:58:55:5855 info: Common contexts: connection.context
2023-02-22 23:58:55:5855 info: Common contexts: task.context
2023-02-22 23:58:55:5855 info: HTTP & WS connection.
2023-02-22 23:58:55:5855 info: Server on port: 4000
2023-02-22 23:58:57:5857 info: Testing completed. You can see the report in: http://localhost:4000/api/test_view
2023-02-22 23:59:19:5919 info: Auth context id: c8a2a22f-3f11-43bb-9f71-317220a23d2e
2023-02-22 23:59:19:5919 info: Common contexts: connection.context
2023-02-22 23:59:19:5919 info: Common contexts: task.context
2023-02-22 23:59:19:5919 info: HTTP & WS connection.
2023-02-22 23:59:19:5919 info: Server on port: 4000
2023-02-22 23:59:21:5921 info: Testing completed. You can see the report in: http://localhost:4000/api/test_view
2023-02-23 00:00:17:017 info: Auth context id: 05c48df2-d846-4b5c-adb1-b60c49e8f4df
2023-02-23 00:00:17:017 info: Common contexts: connection.context
2023-02-23 00:00:17:017 info: Common contexts: task.context
2023-02-23 00:00:17:017 info: HTTP & WS connection.
2023-02-23 00:00:17:017 info: Server on port: 4000
2023-02-23 00:00:19:019 info: Testing completed. You can see the report in: http://localhost:4000/api/test_view
2023-02-23 00:00:52:052 info: Auth context id: f6859360-3905-4933-93f0-7f551752bb44
2023-02-23 00:00:52:052 info: Common contexts: connection.context
2023-02-23 00:00:52:052 info: Common contexts: task.context
2023-02-23 00:00:52:052 info: HTTP & WS connection.
2023-02-23 00:00:52:052 info: Server on port: 4000
2023-02-23 00:00:54:054 info: Testing completed. You can see the report in: http://localhost:4000/api/test_view
2023-02-23 00:02:11:211 info: Auth context id: 473eab47-1459-4997-a42f-df7fcc850e71
2023-02-23 00:02:11:211 info: Common contexts: connection.context
2023-02-23 00:02:11:211 info: Common contexts: task.context
2023-02-23 00:02:11:211 info: HTTP & WS connection.
2023-02-23 00:02:11:211 info: Server on port: 4000
2023-02-23 00:02:13:213 info: Testing completed. You can see the report in: http://localhost:4000/api/test_view
2023-02-23 01:25:31:2531 info: Auth context id: 9e8f1c4e-d2c0-4626-8b9c-b13e6728e763
2023-02-23 01:25:31:2531 info: Common contexts: connection.context
2023-02-23 01:25:31:2531 info: Common contexts: task.context
2023-02-23 01:25:31:2531 info: HTTP & WS connection.
2023-02-23 01:25:31:2531 info: Server on port: 4000
2023-02-23 01:25:32:2532 error: Error
2023-02-23 01:25:32:2532 error: Error
2023-02-23 01:25:33:2533 info: Testing completed. You can see the report in: http://localhost:4000/api/test_view
2023-02-23 01:25:45:2545 error: Error
2023-02-23 01:25:45:2545 error: Error
